<?xml version="1.0" encoding="UTF-8"?>
<beans xmlns="http://www.springframework.org/schema/beans" xmlns:xsi="http://www.w3.org/2001/XMLSchema-instance" xmlns:flow="http://www.springframework.org/schema/webflow-config"
	xsi:schemaLocation="
           http://www.springframework.org/schema/beans
           http://www.springframework.org/schema/beans/spring-beans-2.0.xsd
           http://www.springframework.org/schema/webflow-config
           http://www.springframework.org/schema/webflow-config/spring-webflow-config-1.0.xsd">

	<!--  Hibernate -->

  <bean id="dataSource" class="org.springframework.jdbc.datasource.SingleConnectionDataSource">
    <constructor-arg index="0" value="org.hsqldb.jdbcDriver"/>
    <constructor-arg index="1" value="jdbc:hsqldb:mem:ddsdb"/>
    <constructor-arg index="2" value="sa"/>
    <constructor-arg index="3" value=""/>
    <constructor-arg index="4" value="true"/>
  </bean>

  <bean id="abstractSessionFactory" class="ee.itp.dds.test.core.TestSessionFactoryBean" abstract="true"/>

  <bean id="hibernateProperties" class="org.springframework.beans.factory.config.PropertiesFactoryBean">
    <property name="properties">
      <props>
        <prop key="hibernate.dialect">ee.itp.dds.test.core.TestHSQLDialect</prop>
        <prop key="hibernate.show_sql">true</prop>
        <prop key="hibernate.default_schema">ddservice</prop>
        <prop key="hibernate.jdbc.fetch_size">10</prop>
        <prop key="hibernate.generate_statistics">false</prop>
        <prop key="hibernate.cache.provider_class">org.hibernate.cache.HashtableCacheProvider</prop>
        <prop key="hibernate.cglib.use_reflection_optimizer">false</prop>
        <prop key="hibernate.use_lazy_proxy_factory">true</prop>
        <prop key="hibernate.jdbc.batch_size">4</prop>
        <prop key="hibernate.hbm2ddl.auto">create-drop</prop>
        <prop key="hibernate.cache.use_query_cache">false</prop>
        <prop key="hibernate.cache.use_second_level_cache">false</prop>
        <prop key="hibernate.query.factory_class">org.hibernate.hql.classic.ClassicQueryTranslatorFactory</prop>
        <prop key="hibernate.query.substitutions">SUBSTR=substring</prop>
      </props>
    </property>
  </bean>

  <bean id="sessionFactory" parent="abstractSessionFactory" lazy-init="true">
    <property name="mappingResources">
      <list>
        <value>/ee/itp/dds/hibernate/Action.hbm.xml</value>
        <value>/ee/itp/dds/test/core/Document.hbm.xml</value> <!-- overwrite postgres bytea to binary -->
        <value>/ee/itp/dds/hibernate/Event.hbm.xml</value>
        <value>/ee/itp/dds/hibernate/Session.hbm.xml</value>
      </list>
    </property>
    <property name="hibernateProperties" ref="hibernateProperties"/>
    <property name="dataSource" ref="dataSource"/>
  </bean>

  <bean id="transactionManager" class="org.springframework.orm.hibernate3.HibernateTransactionManager" lazy-init="true">
    <property name="dataSource" ref="dataSource"/>
    <property name="sessionFactory" ref="sessionFactory"/>
  </bean>


  <bean id="transactionTemplate" class="org.springframework.transaction.support.TransactionTemplate">
    <property name="transactionManager" ref="transactionManager"/>
    <property name="timeout" value="3600"/>
  </bean>

  <!-- hibernate template configuration -->
  <bean id="hibernateTemplate" class="org.springframework.orm.hibernate3.HibernateTemplate">
    <property name="sessionFactory" ref="sessionFactory"/>
    <property name="flushMode" value="3"/>
  </bean>

  <bean id="jdbcTemplate" class="org.springframework.jdbc.core.JdbcTemplate">
    <property name="dataSource" ref="dataSource"/>
  </bean>


	
	<bean id="eventDAO" class="ee.itp.dds.hibernate.EventDAO" />
	<bean id="actionDAO" class="ee.itp.dds.hibernate.ActionDAO" />
	<bean id="sessionDAO" class="ee.itp.dds.hibernate.SessionDAO" />
	<bean id="documentDAO" class="ee.itp.dds.hibernate.DocumentDAO" />

	<bean id="sessionHolderComponent" class="ee.itp.dds.core.SessionHolderComponentImpl">
	   <property name="sessionDAO" ref="sessionDAO"/>
	   <property name="actionDAO" ref="actionDAO"/>
	   <property name="eventDAO" ref="eventDAO"/>
	   <property name="documentDAO" ref="documentDAO"/>
	</bean>


</beans>
